<?xml version="1.0" encoding="UTF-8"?>
<!-- Generated by org.testng.reporters.JUnitReportReporter -->
<testsuite skipped="0" hostname="Bhagaths-MacBook-Pro.local" name="uk.gov.testcases.VehicleTest" tests="4" failures="0" timestamp="04 Jan 2018 20:57:41 GMT" time="123.570" errors="0">
  <testcase name="checkVehicle" time="32.397" classname="uk.gov.testcases.VehicleTest"/>
  <testcase name="checkVehicle" time="57.972" classname="uk.gov.testcases.VehicleTest"/>
  <testcase name="checkVehicle" time="19.068" classname="uk.gov.testcases.VehicleTest"/>
  <testcase name="checkVehicle" time="14.133" classname="uk.gov.testcases.VehicleTest"/>
</testsuite> <!-- uk.gov.testcases.VehicleTest -->
